[debug] [2023-03-19T18:41:26.214Z] ----------------------------------------------------------------------
[debug] [2023-03-19T18:41:26.215Z] Command:       C:\Program Files\nodejs\node.exe C:\Users\henry\AppData\Roaming\npm\node_modules\firebase-tools\lib\bin\firebase.js init hosting
[debug] [2023-03-19T18:41:26.215Z] CLI Version:   11.24.1
[debug] [2023-03-19T18:41:26.216Z] Platform:      win32
[debug] [2023-03-19T18:41:26.216Z] Node Version:  v18.13.0
[debug] [2023-03-19T18:41:26.217Z] Time:          Sun Mar 19 2023 18:41:26 GMT+0000 (Greenwich Mean Time)
[debug] [2023-03-19T18:41:26.217Z] ----------------------------------------------------------------------
[debug] 
[debug] [2023-03-19T18:41:26.273Z] > command requires scopes: ["email","openid","https://www.googleapis.com/auth/cloudplatformprojects.readonly","https://www.googleapis.com/auth/firebase","https://www.googleapis.com/auth/cloud-platform"]
[debug] [2023-03-19T18:41:26.273Z] > authorizing via signed-in user (hmatvere@gmail.com)
[info] 
     ######## #### ########  ######## ########     ###     ######  ########
     ##        ##  ##     ## ##       ##     ##  ##   ##  ##       ##
     ######    ##  ########  ######   ########  #########  ######  ######
     ##        ##  ##    ##  ##       ##     ## ##     ##       ## ##
     ##       #### ##     ## ######## ########  ##     ##  ######  ########

You're about to initialize a Firebase project in this directory:

  C:\Users\henry\Documents\fluentGPT2

Before we get started, keep in mind:

  * You are initializing within an existing Firebase project directory

